<acceptance-test-run title="Open main menu" name="openMainMenu" steps="3" successful="2" failures="0" errors="1" skipped="0" ignored="0" pending="0" annotated-result="ERROR" result="ERROR" duration="44207" timestamp="2019-10-31T11:45:06.960+05:00" session-id="ce4b216a254402469be96b1785e5b7f8">
  <user-story id="com.aptafund.test.features.EmployeePayrollTest" name="Employee payroll test" path="com.aptafund.test.features"/>
  <tags>
    <tag name="Employee payroll test" type="story"/>
  </tags>
  <test-step result="SUCCESS" duration="10886">
    <description>Navigate to login page</description>
  </test-step>
  <test-step result="SUCCESS" duration="504">
    <description>Login into site</description>
  </test-step>
  <test-step result="ERROR" duration="32521">
    <screenshots>
      <screenshot image="3627c8546b8f6107b9e90c00438c74de.png" source="pagesource16836014737100303369.html.txt"/>
    </screenshots>
    <description>Access to main menu</description>
    <error>org.openqa.selenium.TimeoutException: Timed out after 30 seconds waiting for com.aptafund.test.actions.WaitActions$1@5bdaf2ce
Build info: version: &apos;2.53.0&apos;, revision: &apos;35ae25b1534ae328c771e0856c93e187490ca824&apos;, time: &apos;2016-03-15 10:43:46&apos;
System info: host: &apos;CRKRL-MUHAMSHA1&apos;, ip: &apos;172.16.220.1&apos;, os.name: &apos;Windows 10&apos;, os.arch: &apos;amd64&apos;, os.version: &apos;10.0&apos;, java.version: &apos;11.0.4&apos;
Driver info: net.thucydides.core.webdriver.WebDriverFacade</error>
    <exception>org.openqa.selenium.TimeoutException:Timed out after 30 seconds waiting for com.aptafund.test.actions.WaitActions$1@5bdaf2ce
Build info: version: &apos;2.53.0&apos;, revision: &apos;35ae25b1534ae328c771e0856c93e187490ca824&apos;, time: &apos;2016-03-15 10:43:46&apos;
System info: host: &apos;CRKRL-MUHAMSHA1&apos;, ip: &apos;172.16.220.1&apos;, os.name: &apos;Windows 10&apos;, os.arch: &apos;amd64&apos;, os.version: &apos;10.0&apos;, java.version: &apos;11.0.4&apos;
Driver info: net.thucydides.core.webdriver.WebDriverFacade&#xd;
[com.aptafund.test.actions.WaitActions.waitUntilLoaded(WaitActions.java:28), com.aptafund.test.pages.common.AptaHomePage.mainMenuAccess(AptaHomePage.java:40), com.aptafund.test.steps.payroll_steps.ManagePayrollSteps.accessToMainMenu(ManagePayrollSteps.java:48), com.aptafund.test.features.EmployeePayrollTest.openMainMenu(EmployeePayrollTest.java:55), java.base/jdk.internal.reflect.NativeMethodAccessorImpl.invoke0(Native Method), java.base/jdk.internal.reflect.NativeMethodAccessorImpl.invoke(NativeMethodAccessorImpl.java:62), java.base/jdk.internal.reflect.DelegatingMethodAccessorImpl.invoke(DelegatingMethodAccessorImpl.java:43)]</exception>
  </test-step>
</acceptance-test-run>